################################################################################
#                                                                              #
#    Micro Series 6801 Assembler V2.00/DOS              06/Nov/19  16:46:48    #
#                                                                              #
#       Source   =   cargo2.msa                                                #
#       List     =   cargo2.lst                                                #
#       Object   =   cargo2.r07                                                #
#       Options  =                                                             #
#                                                                              #
#                                               (c) Copyright IAR Systems 1990 #
################################################################################


    1  0000                   p68h11
    2  0000                   public  cargon,cargoop
    3  0000                   extern  btasci  
    4                         
    5                 $const.def      
    6                 *********************** Ports ****************************
    7  1007           DDRC    equ     $1007 ;data direction register for C
    8  1002           PIOC    equ     $1002 ;for strobe B assertion change
    9  1005           PORTCL  equ     $1005 ;port C latched
   10  1004           PORTB   equ     $1004 ;port B
   11  1003           PORTC   equ     $1003 ;rows
   12                 
   13                 *************** Cols and Row Ports ***********************
   14  1003           ROWS    equ     PORTC ;outputs
   15  1005           COLS    equ     PORTCL ;inputs
   16                 
   17                 ******************* Row Masks ****************************
   18  000E           FIL0    equ     00001110b ;mascaras para manejo de filas
   19  000D           FIL1    equ     00001101b
   20  000B           FIL2    equ     00001011b
   21  0007           FIL3    equ     00000111b
   22                 **********************************************************
   23                 *************Caracteristicas de Hardware******************
   24  0004           DIGITOS equ     4
   25  270F           MAX     equ     9999
   26  FC19           MIN     equ     -999
   27                 **********************************************************
   28                 ****************************************************************************************************************
   29                 * CARGON
   30                 *       Agrega el nuevo digito al operando actual haciendo las multiplicacion y suma necesarias.  
   31                 * Parametros recibidos: 
   32                 *   Por IX: Origen de la cadena que contiene el operando.
   33                 *   Por IY Ubicación del caracter a cargar. 
   34                 *   Por Stack: Dirección del contador de digitos. (mandar primero)
   35                 *   Por Stack: Dirección de la memorias a mostrar por display. (mandar despues)
   36                 *   
   37                 * Parametros entregados: El nuevo numero en la memoria correspondiente
   38                 ****************************************************************************************************************
   39  0000                   rseg    CODE
   40                 
   41  0000           cargon  equ *
   42  0000 36                psha
   43  0001 37                pshb
   44  0002 3C                pshx
   45  0003 183C              pshy
   46                         
   47  0005 7F0002            clr     negat
   48  0008 30                tsx                     
   49  0009 EE0A              ldx     10,x    ; Apunto IX a la memoria que cuenta los digitos
   50  000B A600              ldaa    0,x     ; Cargo el contador de digitos
   51  000D 8104              cmpa    #DIGITOS    
   52  000F 2503              blo     cargo  ; Si ya tenía 4 digitos no sigo cargando
   53  0011 7E0066            jmp     fcargon
   54                         
   55  0014 30        cargo   tsx
   56  0015 EE02              ldx     2,x     ; Apunto IX al byte de negatividad del operando
   57  0017 A600              ldaa    0,x     ; Cargo el byte de negatividad
   58  0019 2609              bne     nego    ; Si el numero es negativo, salto
   59                         
   60  001B EC01              ldd     1,x     ; Cargo en AccD el valor a sumar
   61  001D 18CE000A          ldy     #10     ; Cargo en IY la base del sistema numerico
   62  0021 7E0032            jmp     saltoC1
   63                 
   64                 
   65  0024 7C0002    nego    inc     negat
   66  0027 18CE000A          ldy     #10
   67  002B EC01              ldd     1,x     ; Cargo en Accd el valor que ya tenía
   68  002D 43                coma            ; Lo complemento a 2
   69  002E 53                comb
   70  002F C30001            addd    #1
   71  0032 FD0000    saltoC1 std     mem     ; Guardo en una memoria ese valor
   72  0035 4F                clra            ; Limpio AccD
   73  0036 5F                clrb
   74  0037 F30000    multi   addd    mem     ; Sumo el valor que ya tenía tantas veces
   75  003A 1809              dey             ;como indique la base numerica en la que 
   76  003C 26F9              bne     multi   ; estoy.
   77                         
   78  003E 30                tsx     
   79  003F 1AEE00            ldy     0,x     ; Apunto IY a la dir donde esta el nuevo caracter
   80  0042 8F                xgdx            ; Paso la multiplicacion que tenia en Accd a IX
   81  0043 18E600            ldab    0,y     ; Cargo el nuevo caracter
   82  0046 3A                abx             ; Sumo el nuevo caracter
   83  0047 8F                xgdx            ; Paso el nuevo numero a Accd
   84  0048 7D0002            tst     negat
   85  004B 2705              beq     apunto
   86  004D 43                coma
   87  004E 53                comb
   88  004F C30001            addd    #1
   89                 
   90  0052 30        apunto  tsx
   91  0053 EE02              ldx     2,x     ; Cargo la dir del indicador de negatividad del operando
   92  0055 ED01              std     1,x     ; Guardo el numero en el operando pedido
   93                         
   94  0057 30                tsx             
   95  0058 EE0A              ldx     10,x    ; Apunto IX al contador de digitos
   96  005A 6C00              inc     0,x     ; Incremento el contador de digitos
   97                         
   98  005C 30                tsx     
   99  005D 1AEE08            ldy     8,x     ; Cargo en IY la dir de memoria de mdis
  100  0060 EE02              ldx     2,x     ; Cargo en IX el numero a mostrar
  101  0062 08                inx
  102  0063 BD0000            jsr     btasci  ; Voy a la subrutina que convierte y muestra el numero
  103                 
  104  0066 1838      fcargon puly
  105  0068 38                pulx
  106  0069 33                pulb
  107  006A 32                pula
  108  006B 39                rts
  109                 
  110                 ****************************************************************************************************************
  111                 
  112                 ****************************************************************************************************************
  113                 
  114                 
  115                 ****************************************************************************************************************
  116                 * CARGOOP
  117                 *       Carga el operador en la memoria correspondiente y en el display.        
  118                 * Parametros recibidos: 
  119                 *   Por IX: Direccion de la memoria donde guardo el contador de digitos.
  120                 *   Por IY: Direccion de la memoria donde guardo el operando. 
  121                 *   Por Acca: Operando a cargar
  122                 *   Por Stack: Dirección de las memorias del display.
  123                 *   
  124                 * Parametros entregados: El operando en la memoria correspondiente
  125                 ****************************************************************************************************************
  126  006C                   rseg    CODE
  127                 
  128  006C           cargoop equ *
  129  006C 36                psha
  130  006D 37                pshb
  131  006E 3C                pshx
  132  006F 183C              pshy
  133                         
  134  0071 18A700            staa    0,y     ; Guardo el operador donde corresponde
  135  0074 6F00              clr     0,x     ; Reseteo el contador de digitos
  136                         
  137                         
  138  0076 30                tsx
  139  0077 EE08              ldx     8,x     ; Cargo en IX la dirección de las memorias que se muestran en el display
  140  0079 A700              staa    0,x     ; Muestro el operador en el primer digito del display
  141  007B C603              ldab    #3
  142  007D 08                inx
  143  007E 6F00      borrando        clr     0,x     ; Borro los tres ultimos digitos del display
  144  0080 08                inx
  145  0081 5A                decb
  146  0082 26FA              bne     borrando
  147                         
  148  0084 1838              puly
  149  0086 38                pulx
  150  0087 33                pulb
  151  0088 32                pula
  152  0089 39                rts
  153                         
  154                 ****************************************************************************************************************
  155                 ****************************************************************************************************************
  156                         
  157  0000                   rseg    VARS
  158  0000           mem     rmb     2
  159  0002           negat   rmb     1
  160  0003                   END

    Errors:  None          ##########
    Bytes:   138           # cargo2 #
    CRC:     F2BF          ##########

